Using pre-set license
Built from '2020.2/release' branch; Version is '2020.2.2f1 (068178b99f32) revision 426360'; Using compiler version '192528614'; Build Type 'Release'
OS: 'Windows 10 Pro; OS build 19042.928; Version 2009; 64bit' Language: 'en' Physical Memory: 32717 MB
BatchMode: 1, IsHumanControllingUs: 0, StartBugReporterOnCrash: 0, Is64bit: 1, IsPro: 0

 COMMAND LINE ARGUMENTS:
C:\Program Files\Unity\Hub\Editor\2020.2.2f1\Editor\Unity.exe
-adb2
-batchMode
-noUpm
-name
AssetImportWorker0
-projectPath
C:/Users/Cas de Graaff/Documents/Unity/MytheProject/Mythe2021
-logFile
Logs/AssetImportWorker0.log
-srvPort
53923
Successfully changed project path to: C:/Users/Cas de Graaff/Documents/Unity/MytheProject/Mythe2021
C:/Users/Cas de Graaff/Documents/Unity/MytheProject/Mythe2021
Using Asset Import Pipeline V2.
Refreshing native plugins compatible for Editor in 20.95 ms, found 0 plugins.
Preloading 0 native plugins for Editor in 0.00 ms.
Initialize engine version: 2020.2.2f1 (068178b99f32)
[Subsystems] Discovering subsystems at path C:/Program Files/Unity/Hub/Editor/2020.2.2f1/Editor/Data/Resources/UnitySubsystems
[Subsystems] Discovering subsystems at path C:/Users/Cas de Graaff/Documents/Unity/MytheProject/Mythe2021/Assets
GfxDevice: creating device client; threaded=0
Direct3D:
    Version:  Direct3D 11.0 [level 11.1]
    Renderer: NVIDIA GeForce RTX 2060 (ID=0x1e89)
    Vendor:   
    VRAM:     5967 MB
    Driver:   27.21.14.6611
Initialize mono
Mono path[0] = 'C:/Program Files/Unity/Hub/Editor/2020.2.2f1/Editor/Data/Managed'
Mono path[1] = 'C:/Program Files/Unity/Hub/Editor/2020.2.2f1/Editor/Data/MonoBleedingEdge/lib/mono/unityjit'
Mono config path = 'C:/Program Files/Unity/Hub/Editor/2020.2.2f1/Editor/Data/MonoBleedingEdge/etc'
Using monoOptions --debugger-agent=transport=dt_socket,embedding=1,server=y,suspend=n,address=127.0.0.1:56636
Begin MonoManager ReloadAssembly
Registering precompiled unity dll's ...
Register platform support module: C:/Program Files/Unity/Hub/Editor/2020.2.2f1/Editor/Data/PlaybackEngines/WindowsStandaloneSupport/UnityEditor.WindowsStandalone.Extensions.dll
Registered in 0.001837 seconds.
Native extension for WindowsStandalone target not found
Refreshing native plugins compatible for Editor in 20.37 ms, found 0 plugins.
Preloading 0 native plugins for Editor in 0.00 ms.
Invoked RoslynAnalysisRunner static constructor.
RoslynAnalysisRunner will not be running.
RoslynAnalysisRunner has terminated.
Mono: successfully reloaded assembly
- Completed reload, in  0.841 seconds
Platform modules already initialized, skipping
Registering precompiled user dll's ...
Registered in 0.000592 seconds.
Begin MonoManager ReloadAssembly
Native extension for WindowsStandalone target not found
Refreshing native plugins compatible for Editor in 0.20 ms, found 0 plugins.
Preloading 0 native plugins for Editor in 0.00 ms.
Invoked RoslynAnalysisRunner static constructor.
RoslynAnalysisRunner will not be running.
RoslynAnalysisRunner has terminated.
Mono: successfully reloaded assembly
- Completed reload, in  0.648 seconds
Platform modules already initialized, skipping
========================================================================
Worker process is ready to serve import requests
Launched and connected shader compiler UnityShaderCompiler.exe after 0.03 seconds
Refreshing native plugins compatible for Editor in 0.30 ms, found 0 plugins.
Preloading 0 native plugins for Editor in 0.00 ms.
Unloading 1099 Unused Serialized files (Serialized files now loaded: 0)
System memory in use before: 56.5 MB.
System memory in use after: 56.5 MB.

Unloading 10 unused Assets to reduce memory usage. Loaded Objects now: 1540.
Total: 1.840100 ms (FindLiveObjects: 0.167500 ms CreateObjectMapping: 0.027600 ms MarkObjects: 1.571000 ms  DeleteObjects: 0.072900 ms)

========================================================================
Received Import Request.
  path: Assets/Scenes
  artifactKey: Guid(10b63bc75f2587a4fbcf27741ce26c97) Importer(815301076,1909f56bfc062723c751e8b465ee728b)
Start importing Assets/Scenes using Guid(10b63bc75f2587a4fbcf27741ce26c97) Importer(815301076,1909f56bfc062723c751e8b465ee728b)  -> (artifact id: 'c14c8bbaaacc2f1497257d74500d0d68') in 0.006959 seconds
  Import took 0.008619 seconds .

========================================================================
Received Import Request.
  Time since last request: 18.556408 seconds.
  path: Assets/Scenes/SampleScene.unity
  artifactKey: Guid(9fc0d4010bbf28b4594072e72b8655ab) Importer(815301076,1909f56bfc062723c751e8b465ee728b)
Start importing Assets/Scenes/SampleScene.unity using Guid(9fc0d4010bbf28b4594072e72b8655ab) Importer(815301076,1909f56bfc062723c751e8b465ee728b)  -> (artifact id: '89b82d5aad03f21c839112c5661283af') in 0.011276 seconds
  Import took 0.012950 seconds .

========================================================================
Received Import Request.
  Time since last request: 260.987921 seconds.
  path: Assets
  artifactKey: Guid(00000000000000001000000000000000) Importer(815301076,1909f56bfc062723c751e8b465ee728b)
Start importing Assets using Guid(00000000000000001000000000000000) Importer(815301076,1909f56bfc062723c751e8b465ee728b)  -> (artifact id: '4a6e520b92ccfc61bcfa21a7bcab8468') in 0.005571 seconds
  Import took 0.007927 seconds .

========================================================================
Received Import Request.
  Time since last request: 6.721134 seconds.
  path: Assets/Scripts
  artifactKey: Guid(a1857bf38f494d9458d0e83738d7f666) Importer(815301076,1909f56bfc062723c751e8b465ee728b)
Start importing Assets/Scripts using Guid(a1857bf38f494d9458d0e83738d7f666) Importer(815301076,1909f56bfc062723c751e8b465ee728b)  -> (artifact id: '18ff598b6a8731cfd27d64cc7e51d173') in 0.005512 seconds
  Import took 0.007427 seconds .

========================================================================
Received Import Request.
  Time since last request: 0.000527 seconds.
  path: Assets/Scripts
  artifactKey: Guid(a1857bf38f494d9458d0e83738d7f666) Importer(815301076,1909f56bfc062723c751e8b465ee728b)
Start importing Assets/Scripts using Guid(a1857bf38f494d9458d0e83738d7f666) Importer(815301076,1909f56bfc062723c751e8b465ee728b)  -> (artifact id: '18ff598b6a8731cfd27d64cc7e51d173') in 0.001832 seconds
  Import took 0.003446 seconds .

========================================================================
Received Import Request.
  Time since last request: 14.274648 seconds.
  path: Assets/Textures
  artifactKey: Guid(1e71b12d8cc9227479b07c91f93202f7) Importer(815301076,1909f56bfc062723c751e8b465ee728b)
Start importing Assets/Textures using Guid(1e71b12d8cc9227479b07c91f93202f7) Importer(815301076,1909f56bfc062723c751e8b465ee728b)  -> (artifact id: '91e6bc8ea5bcdd928f76496bce7ba4cf') in 0.006712 seconds
  Import took 0.008395 seconds .

========================================================================
Received Import Request.
  Time since last request: 8.076627 seconds.
  path: Assets/Developer
  artifactKey: Guid(28338d88c0aff9645a678aec8a50f717) Importer(815301076,1909f56bfc062723c751e8b465ee728b)
Start importing Assets/Developer using Guid(28338d88c0aff9645a678aec8a50f717) Importer(815301076,1909f56bfc062723c751e8b465ee728b)  -> (artifact id: '4ac796a4a51262cd536c472b631580ee') in 0.005781 seconds
  Import took 0.007421 seconds .

========================================================================
Received Import Request.
  Time since last request: 9.997588 seconds.
  path: Assets/Artist
  artifactKey: Guid(f6c5deb6e3ca9d4478b1b571066dd82a) Importer(815301076,1909f56bfc062723c751e8b465ee728b)
Start importing Assets/Artist using Guid(f6c5deb6e3ca9d4478b1b571066dd82a) Importer(815301076,1909f56bfc062723c751e8b465ee728b)  -> (artifact id: 'd4aa380a20d46b80644cae201dbb13ce') in 0.006187 seconds
  Import took 0.007809 seconds .

========================================================================
Received Import Request.
  Time since last request: 0.000260 seconds.
  path: Assets/Artist
  artifactKey: Guid(f6c5deb6e3ca9d4478b1b571066dd82a) Importer(815301076,1909f56bfc062723c751e8b465ee728b)
Start importing Assets/Artist using Guid(f6c5deb6e3ca9d4478b1b571066dd82a) Importer(815301076,1909f56bfc062723c751e8b465ee728b)  -> (artifact id: 'd4aa380a20d46b80644cae201dbb13ce') in 0.002187 seconds
  Import took 0.003550 seconds .

========================================================================
Received Import Request.
  Time since last request: 60.355405 seconds.
  path: Assets/Developer/prefabs
  artifactKey: Guid(c35e999af364d564da66d35dc2de6919) Importer(815301076,1909f56bfc062723c751e8b465ee728b)
Start importing Assets/Developer/prefabs using Guid(c35e999af364d564da66d35dc2de6919) Importer(815301076,1909f56bfc062723c751e8b465ee728b)  -> (artifact id: 'ff6a02c90237772e83f1464affd79bb9') in 0.006623 seconds
  Import took 0.008285 seconds .

========================================================================
Received Import Request.
  Time since last request: 9.970598 seconds.
  path: Assets/Developer/materials
  artifactKey: Guid(94166f2235f90c74f8715d037b812e92) Importer(815301076,1909f56bfc062723c751e8b465ee728b)
Start importing Assets/Developer/materials using Guid(94166f2235f90c74f8715d037b812e92) Importer(815301076,1909f56bfc062723c751e8b465ee728b)  -> (artifact id: 'c415b1d5b35e732955286ebf3826af84') in 0.008825 seconds
  Import took 0.011246 seconds .

========================================================================
Received Import Request.
  Time since last request: 15.003526 seconds.
  path: Assets/Scenes/Main.unity
  artifactKey: Guid(9fc0d4010bbf28b4594072e72b8655ab) Importer(815301076,1909f56bfc062723c751e8b465ee728b)
Start importing Assets/Scenes/Main.unity using Guid(9fc0d4010bbf28b4594072e72b8655ab) Importer(815301076,1909f56bfc062723c751e8b465ee728b)  -> (artifact id: '3764ce0d79281258539bb3548478017f') in 0.006669 seconds
  Import took 0.008814 seconds .

========================================================================
Received Import Request.
  Time since last request: 0.000446 seconds.
  path: Assets/Scenes/Main.unity
  artifactKey: Guid(9fc0d4010bbf28b4594072e72b8655ab) Importer(815301076,1909f56bfc062723c751e8b465ee728b)
Start importing Assets/Scenes/Main.unity using Guid(9fc0d4010bbf28b4594072e72b8655ab) Importer(815301076,1909f56bfc062723c751e8b465ee728b)  -> (artifact id: '3764ce0d79281258539bb3548478017f') in 0.002263 seconds
  Import took 0.003969 seconds .

========================================================================
Received Import Request.
  Time since last request: 13.323143 seconds.
  path: Assets/Scenes/Cas
  artifactKey: Guid(c46f135956269fb49b9c2b23eedf6f8c) Importer(815301076,1909f56bfc062723c751e8b465ee728b)
Start importing Assets/Scenes/Cas using Guid(c46f135956269fb49b9c2b23eedf6f8c) Importer(815301076,1909f56bfc062723c751e8b465ee728b)  -> (artifact id: 'e291031cc44f7c17435daeb4ae7d435c') in 0.006615 seconds
  Import took 0.008333 seconds .

========================================================================
Received Import Request.
  Time since last request: 0.000286 seconds.
  path: Assets/Scenes/Cas
  artifactKey: Guid(c46f135956269fb49b9c2b23eedf6f8c) Importer(815301076,1909f56bfc062723c751e8b465ee728b)
Start importing Assets/Scenes/Cas using Guid(c46f135956269fb49b9c2b23eedf6f8c) Importer(815301076,1909f56bfc062723c751e8b465ee728b)  -> (artifact id: 'e291031cc44f7c17435daeb4ae7d435c') in 0.001787 seconds
  Import took 0.002984 seconds .

========================================================================
Received Import Request.
  Time since last request: 10.112008 seconds.
  path: Assets/Scenes/cas.unity
  artifactKey: Guid(e9a7470ef65c45949a33af5cdde855cd) Importer(815301076,1909f56bfc062723c751e8b465ee728b)
Start importing Assets/Scenes/cas.unity using Guid(e9a7470ef65c45949a33af5cdde855cd) Importer(815301076,1909f56bfc062723c751e8b465ee728b)  -> (artifact id: '19bc95333a5ff696e82ba25c39181c74') in 0.006385 seconds
  Import took 0.008295 seconds .

AssetImportWorkerClient::OnTransportError - code=2 error=End of file
